Flutter crash report.
Please report a bug at https://github.com/flutter/flutter/issues.

## command

flutter build web

## exception

FileSystemException: FileSystemException: Failed to decode data using encoding 'utf-8', path = 'C:\Users\michael\Documents\Proyectos\mi_app\.gitignore'

```
#0      _File._tryDecode (dart:io/file_impl.dart:704:7)
#1      _File.readAsStringSync (dart:io/file_impl.dart:715:7)
#2      _File.readAsLinesSync (dart:io/file_impl.dart:721:36)
#3      ForwardingFile.readAsLinesSync (package:file/src/forwarding/forwarding_file.dart:107:16)
#4      ErrorHandlingFile.readAsLinesSync.<anonymous closure> (package:flutter_tools/src/base/error_handling_io.dart:591:22)
#5      _runSync (package:flutter_tools/src/base/error_handling_io.dart:1116:16)
#6      ErrorHandlingFile.readAsLinesSync (package:flutter_tools/src/base/error_handling_io.dart:590:12)
#7      ProjectMigrator.processFileLines (package:flutter_tools/src/base/project_migrator.dart:40:37)
#8      ScrubGeneratedPluginRegistrant.migrate (package:flutter_tools/src/web/migrations/scrub_generated_plugin_registrant.dart:28:7)
#9      ProjectMigration.run (package:flutter_tools/src/base/project_migrator.dart:86:22)
#10     WebBuilder.buildWeb (package:flutter_tools/src/web/compile.dart:102:21)
<asynchronous suspension>
#11     BuildWebCommand.runCommand (package:flutter_tools/src/commands/build_web.dart:293:5)
<asynchronous suspension>
#12     FlutterCommand.run.<anonymous closure> (package:flutter_tools/src/runner/flutter_command.dart:1630:27)
<asynchronous suspension>
#13     AppContext.run.<anonymous closure> (package:flutter_tools/src/base/context.dart:154:19)
<asynchronous suspension>
#14     CommandRunner.runCommand (package:args/command_runner.dart:212:13)
<asynchronous suspension>
#15     FlutterCommandRunner.runCommand.<anonymous closure> (package:flutter_tools/src/runner/flutter_command_runner.dart:496:9)
<asynchronous suspension>
#16     AppContext.run.<anonymous closure> (package:flutter_tools/src/base/context.dart:154:19)
<asynchronous suspension>
#17     FlutterCommandRunner.runCommand (package:flutter_tools/src/runner/flutter_command_runner.dart:431:5)
<asynchronous suspension>
#18     FlutterCommandRunner.run.<anonymous closure> (package:flutter_tools/src/runner/flutter_command_runner.dart:307:33)
<asynchronous suspension>
#19     run.<anonymous closure>.<anonymous closure> (package:flutter_tools/runner.dart:104:11)
<asynchronous suspension>
#20     AppContext.run.<anonymous closure> (package:flutter_tools/src/base/context.dart:154:19)
<asynchronous suspension>
#21     main (package:flutter_tools/executable.dart:103:3)
<asynchronous suspension>
```

## flutter doctor

```
[32m[✓][39m Flutter
    (Channel
    stable, 3.44.6,
    on Microsoft
    Windows
    [Versi¢n
    10.0.19045.7548
    ], locale
    es-ES) [455ms]
    [32m•[39m Flutter
      version
      3.44.6 on
      channel
      stable at
      C:\Users\mich
      ael\flutter
    [32m•[39m Upstream
      repository
      https://githu
      b.com/flutter
      /flutter.git
    [32m•[39m Framework
      revision
      ee80f08bbf (7
      days ago),
      2026-07-08
      15:02:06
      -0700
    [32m•[39m Engine
      revision
      83675ed276
    [32m•[39m Dart version
      3.12.2
    [32m•[39m DevTools
      version
      2.57.0
    [32m•[39m Feature
      flags:
      enable-web,
      enable-linux-
      desktop,
      enable-macos-
      desktop,
      enable-window
      s-desktop,
      enable-androi
      d,
      enable-ios,
      cli-animation
      s,
      enable-native
      -assets,
      enable-swift-
      package-manag
      er,
      omit-legacy-v
      ersion-file,
      enable-lldb-d
      ebugging,
      enable-uiscen
      e-migration

[32m[✓][39m Windows Version
    (10 Pro 64-bit,
    22H2, 2009)
    [3,8s]

[32m[✓][39m Android
    toolchain -
    develop for
    Android devices
    (Android SDK
    version 36.1.0)
    [3,8s]
    [32m•[39m Android SDK
      at
      C:\Users\mich
      ael\AppData\L
      ocal\Android\
      sdk
    [32m•[39m Emulator
      version
      36.6.11.0
      (build_id
      15507667)
      (CL:N/A)
    [32m•[39m Platform
      android-36.1,
      build-tools
      36.1.0
    [32m•[39m Java binary
      at:
      C:\Program
      Files\Android
      \Android
      Studio\jbr\bi
      n\java
      This is the
      JDK bundled
      with the
      latest
      Android
      Studio
      installation
      on this
      machine.
      To manually
      set the JDK
      path, use:
      `flutter
      config
      --jdk-dir="pa
      th/to/jdk"`.
    [32m•[39m Java version
      OpenJDK
      Runtime
      Environment
      (build
      21.0.10+-1496
      1533-b1163.10
      8)
    [32m•[39m All Android
      licenses
      accepted.

[32m[✓][39m Chrome -
    develop for the
    web [128ms]
    [32m•[39m Chrome at
      C:\Program
      Files\Google\
      Chrome\Applic
      ation\chrome.
      exe

[32m[✓][39m Visual Studio -
    develop Windows
    apps (Visual
    Studio
    Community 2026
    18.7.3) [126ms]
    [32m•[39m Visual Studio
      at C:\Program
      Files\Microso
      ft Visual
      Studio\18\Com
      munity
    [32m•[39m Visual Studio
      Community
      2026 version
      18.7.11925.98
    [32m•[39m Windows 10
      SDK version
      10.0.26100.0

[32m[✓][39m Connected
    device (4
    available)
    [533ms]
    [32m•[39m sdk gphone64
      x86 64
      (mobile) •
      emulator-5554
      • android-x64
      • Android 15
      (API 35)
      (emulator)
    [32m•[39m Windows
      (desktop)
      • windows
      • windows-x64
      • Microsoft
      Windows
      [Versi¢n
      10.0.19045.75
      48]
    [32m•[39m Chrome (web)
      • chrome
      •
      web-javascrip
      t • Google
      Chrome
      150.0.7871.11
      6
    [32m•[39m Edge (web)
      • edge
      •
      web-javascrip
      t • Microsoft
      Edge
      150.0.4078.65

[32m[✓][39m Network
    resources
    [254ms]
    [32m•[39m All expected
      network
      resources are
      available.

[32m•[39m No issues found!
```
